<?xml version="1.0" encoding="UTF-8"?>
<!-- Generated by org.testng.reporters.JUnitReportReporter -->
<testsuite skipped="0" hostname="DESKTOP-7MOHEMN" name="scripts.ValidLoginLogout" tests="1" failures="0" timestamp="24 Feb 2018 11:10:14 GMT" time="7.550" errors="0">
  <testcase name="testValidLoginLogout" time="7.550" classname="scripts.ValidLoginLogout"/>
</testsuite> <!-- scripts.ValidLoginLogout -->
